2025-12-05 22:26:10,118 [INFO] [MainThread] [root/log.py:69]: YASB v1.8.5
2025-12-05 22:26:10,119 [INFO] [Thread-1 (_run_server)] [cli_server/cli_server.py:212]: CLI server started v1.1.4
2025-12-05 22:26:10,120 [INFO] [MainThread] [cli_server/cli_server.py:104]: Log pipe server started
2025-12-05 22:26:10,162 [INFO] [MainThread] [root/config.py:64]: Created default config file at C:\Users\Simon\.config\yasb\config.yaml
2025-12-05 22:26:10,192 [INFO] [MainThread] [root/config.py:78]: Created default stylesheet at C:\Users\Simon\.config\yasb\styles.css
2025-12-05 22:26:11,113 [ERROR] [MainThread] [root/weather.py:60]: API key or location is missing. Please provide a valid API key and location.
2025-12-05 22:26:11,135 [INFO] [MainThread] [root/service.py:39]: AudioInputService starting...
2025-12-05 22:26:11,187 [INFO] [MainThread] [root/service.py:48]: AudioOutputService starting...
2025-12-05 22:26:12,325 [ERROR] [MainThread] [root/weather.py:60]: API key or location is missing. Please provide a valid API key and location.
2025-12-05 22:26:12,453 [INFO] [MainThread] [root/bar_manager.py:85]: Starting WindowsNotificationEventListener...
2025-12-05 22:26:12,453 [INFO] [MainThread] [root/bar_manager.py:85]: Starting KomorebiEventListener...
2025-12-05 22:26:12,454 [INFO] [MainThread] [root/bar_manager.py:85]: Starting SystemEventListener...
2025-12-05 22:26:12,454 [INFO] [MainThread] [root/watcher.py:54]: Created file watcher for path C:\Users\Simon\.config\yasb
2025-12-05 22:26:12,518 [INFO] [Dummy-5] [root/event_listener.py:51]: Created named pipe yasb-05fa790a-d221-11f0-99ff-98038e11cea9
2025-12-05 22:26:12,548 [INFO] [MainThread] [root/update_service.py:404]: Background update checker started
2025-12-05 22:26:12,548 [DEBUG] [MainThread] [qasync._windows._EventPoller/_windows.py:215]: Starting (proactor: <_IocpProactor overlapped#=0 result#=0>)...
2025-12-05 22:26:12,550 [DEBUG] [Dummy-8] [qasync._windows._EventWorker/_windows.py:195]: Thread started
2025-12-05 22:26:12,719 [INFO] [Dummy-5] [root/event_listener.py:125]: Komorebi connected to named pipe: yasb-05fa790a-d221-11f0-99ff-98038e11cea9
2025-12-05 22:32:57,469 [WARNING] [Dummy-5] [root/event_listener.py:82]: Pipe has been ended: (109, 'PeekNamedPipe', 'Pipen er blevet afsluttet.')
2025-12-05 22:32:57,470 [INFO] [Dummy-5] [root/event_listener.py:92]: Attempting to reconnect to Komorebi...
2025-12-05 22:33:00,470 [INFO] [Dummy-5] [root/event_listener.py:51]: Created named pipe yasb-05fa790a-d221-11f0-99ff-98038e11cea9
2025-12-05 22:33:36,059 [INFO] [Dummy-5] [root/event_listener.py:125]: Komorebi connected to named pipe: yasb-05fa790a-d221-11f0-99ff-98038e11cea9
2025-12-05 22:35:01,953 [WARNING] [Dummy-5] [root/event_listener.py:82]: Pipe has been ended: (109, 'PeekNamedPipe', 'Pipen er blevet afsluttet.')
2025-12-05 22:35:01,954 [INFO] [Dummy-5] [root/event_listener.py:92]: Attempting to reconnect to Komorebi...
2025-12-05 22:35:04,954 [INFO] [Dummy-5] [root/event_listener.py:51]: Created named pipe yasb-05fa790a-d221-11f0-99ff-98038e11cea9
2025-12-05 22:35:20,249 [INFO] [Dummy-5] [root/event_listener.py:125]: Komorebi connected to named pipe: yasb-05fa790a-d221-11f0-99ff-98038e11cea9
2025-12-05 22:35:56,143 [WARNING] [Dummy-5] [root/event_listener.py:82]: Pipe has been ended: (109, 'PeekNamedPipe', 'Pipen er blevet afsluttet.')
2025-12-05 22:35:56,143 [INFO] [Dummy-5] [root/event_listener.py:92]: Attempting to reconnect to Komorebi...
2025-12-05 22:35:59,144 [INFO] [Dummy-5] [root/event_listener.py:51]: Created named pipe yasb-05fa790a-d221-11f0-99ff-98038e11cea9
2025-12-05 22:36:39,848 [INFO] [Dummy-5] [root/event_listener.py:125]: Komorebi connected to named pipe: yasb-05fa790a-d221-11f0-99ff-98038e11cea9
2025-12-05 22:48:49,654 [INFO] [Thread-1 (_run_server)] [cli_server/cli_server.py:253]: CLI server received command: stop
2025-12-05 22:48:49,655 [INFO] [Thread-1 (_run_server)] [root/controller.py:35]: Exiting Application from CLI...
2025-12-05 22:48:49,756 [INFO] [Thread-1 (_run_server)] [cli_server/cli_server.py:112]: Log pipe server stopped
2025-12-05 22:48:49,756 [DEBUG] [Thread-1 (_run_server)] [cli_server/cli_server.py:206]: CLI server stopped
2025-12-05 22:48:50,063 [INFO] [MainThread] [root/bar_manager.py:92]: Stopping WindowsNotificationEventListener...
2025-12-05 22:48:50,063 [INFO] [MainThread] [root/bar_manager.py:92]: Stopping KomorebiEventListener...
2025-12-05 22:48:50,063 [INFO] [MainThread] [root/bar_manager.py:92]: Stopping SystemEventListener...
2025-12-05 22:48:50,066 [DEBUG] [MainThread] [qasync._windows._EventPoller/_windows.py:220]: Stopping worker thread...
2025-12-05 22:48:50,066 [DEBUG] [Dummy-8] [qasync._windows._EventWorker/_windows.py:204]: Exiting thread
2025-12-05 22:48:50,085 [DEBUG] [MainThread] [qasync._windows._IocpProactor/_windows.py:78]: Closing
2025-12-05 22:48:50,107 [INFO] [Dummy-5] [root/event_listener.py:92]: Attempting to reconnect to Komorebi...
2025-12-05 22:48:50,862 [INFO] [MainThread] [root/log.py:69]: YASB v1.8.5
2025-12-05 22:48:50,863 [INFO] [Thread-1 (_run_server)] [cli_server/cli_server.py:212]: CLI server started v1.1.4
2025-12-05 22:48:50,863 [INFO] [MainThread] [cli_server/cli_server.py:104]: Log pipe server started
2025-12-05 22:48:51,432 [ERROR] [MainThread] [root/weather.py:60]: API key or location is missing. Please provide a valid API key and location.
2025-12-05 22:48:51,559 [INFO] [MainThread] [root/service.py:48]: AudioOutputService starting...
2025-12-05 22:48:52,022 [INFO] [MainThread] [root/bar_manager.py:85]: Starting WindowsNotificationEventListener...
2025-12-05 22:48:52,023 [INFO] [MainThread] [root/bar_manager.py:85]: Starting SystemEventListener...
2025-12-05 22:48:52,023 [INFO] [MainThread] [root/bar_manager.py:85]: Starting KomorebiEventListener...
2025-12-05 22:48:52,024 [INFO] [MainThread] [root/watcher.py:54]: Created file watcher for path C:\Users\Simon\.config\yasb
2025-12-05 22:48:52,041 [INFO] [Dummy-5] [root/event_listener.py:51]: Created named pipe yasb-30585eac-d224-11f0-be6b-98038e11cea9
2025-12-05 22:48:52,068 [INFO] [MainThread] [root/update_service.py:404]: Background update checker started
2025-12-05 22:48:52,068 [DEBUG] [MainThread] [qasync._windows._EventPoller/_windows.py:215]: Starting (proactor: <_IocpProactor overlapped#=0 result#=0>)...
2025-12-05 22:48:52,069 [DEBUG] [Dummy-8] [qasync._windows._EventWorker/_windows.py:195]: Thread started
2025-12-05 22:48:52,070 [DEBUG] [MainThread] [systray_widget/systray.py:526]: Loading state from C:\Users\Simon\AppData\Local\YASB\systray_state_ONLGHDRWFHD20685.json
2025-12-05 22:48:52,071 [DEBUG] [MainThread] [systray_widget/systray.py:536]: State file not found.
2025-12-05 22:48:52,072 [DEBUG] [SystrayMonitor] [systray_widget/systray.py:57]: Systray thread is starting...
2025-12-05 22:48:52,180 [INFO] [Dummy-5] [root/event_listener.py:125]: Komorebi connected to named pipe: yasb-30585eac-d224-11f0-be6b-98038e11cea9
2025-12-05 22:48:52,194 [DEBUG] [MainThread] [systray_widget/systray.py:277]: Systray thread started
2025-12-05 22:48:52,395 [DEBUG] [SystrayMonitor] [systray_widget/systray_monitor.py:164]: Adding TaskbandHWND prop to hwnd 1771674
2025-12-05 22:48:52,399 [DEBUG] [SystrayMonitor] [systray_widget/systray_monitor.py:242]: Finding real tray hwnd
2025-12-05 22:48:52,401 [DEBUG] [MainThread] [systray_widget/systray_monitor.py:157]: Sending TaskbarCreated message: 49338
2025-12-05 22:49:24,864 [INFO] [MainThread] [root/utilities.py:384]: YASB added to startup
